<?xml version="1.0" encoding="UTF-8"?>
<!-- Generated by org.testng.reporters.JUnitReportReporter -->
<testsuite hostname="DESKTOP-BQ7QMP0" failures="0" tests="3" name="testNGPractice.Priority" time="0.050" errors="0" timestamp="2025-07-24T19:21:15 IST" skipped="0">
  <testcase classname="testNGPractice.Priority" name="sub" time="0.040">
    <system-out>
      <![CDATA[sub]]>
    </system-out>
  </testcase> <!-- sub -->
  <testcase classname="testNGPractice.Priority" name="div" time="0.005">
    <system-out>
      <![CDATA[div]]>
    </system-out>
  </testcase> <!-- div -->
  <testcase classname="testNGPractice.Priority" name="add" time="0.005">
    <system-out>
      <![CDATA[add]]>
    </system-out>
  </testcase> <!-- add -->
  <system-out>
    <![CDATA[sub
div
add]]>
  </system-out>
</testsuite> <!-- testNGPractice.Priority -->
