<?xml version="1.0" encoding="UTF-8"?>
<!-- Generated by org.testng.reporters.JUnitReportReporter -->
<testsuite hostname="DESKTOP-BQ7QMP0" failures="0" tests="1" name="testNGPractice.ConfigAnnotatn" time="0.022" errors="0" timestamp="2025-07-25T19:59:12 IST" skipped="0">
  <testcase classname="testNGPractice.ConfigAnnotatn" name="demo" time="0.022"/>
</testsuite> <!-- testNGPractice.ConfigAnnotatn -->
