<?xml version="1.0" encoding="UTF-8"?>
<!-- Generated by org.testng.reporters.JUnitReportReporter -->
<testsuite hostname="DESKTOP-BQ7QMP0" failures="0" tests="1" name="ImplementationOfUtilies.CreateProduct" time="9.191" errors="0" timestamp="2025-07-26T19:30:27 IST" skipped="0">
  <testcase classname="ImplementationOfUtilies.CreateProduct" name="toCreateProduct" time="9.191"/>
</testsuite> <!-- ImplementationOfUtilies.CreateProduct -->
