<?xml version="1.0" encoding="UTF-8"?>
<!-- Generated by org.testng.reporters.JUnitReportReporter -->
<testsuite hostname="DESKTOP-BQ7QMP0" failures="0" tests="3" name="testNGPractice.Dependson" time="0.031" errors="0" timestamp="2025-07-24T20:07:38 IST" skipped="0">
  <testcase classname="testNGPractice.Dependson" name="editCart" time="0.005">
    <system-out>
      <![CDATA[edited]]>
    </system-out>
  </testcase> <!-- editCart -->
  <testcase classname="testNGPractice.Dependson" name="deleteCart" time="0.006">
    <system-out>
      <![CDATA[deleted]]>
    </system-out>
  </testcase> <!-- deleteCart -->
  <testcase classname="testNGPractice.Dependson" name="addCart" time="0.020">
    <system-out>
      <![CDATA[added]]>
    </system-out>
  </testcase> <!-- addCart -->
  <system-out>
    <![CDATA[added
edited
deleted]]>
  </system-out>
</testsuite> <!-- testNGPractice.Dependson -->
