<?xml version="1.0" encoding="UTF-8"?>
<!-- Generated by org.testng.reporters.JUnitReportReporter -->
<testsuite hostname="DESKTOP-K5OA249" failures="0" tests="1" name="testNGPractice.Assertion" time="2.945" errors="0" timestamp="2025-09-22T11:55:09 IST" skipped="0">
  <testcase classname="testNGPractice.Assertion" name="demo" time="2.945"/>
</testsuite> <!-- testNGPractice.Assertion -->
