<?xml version="1.0" encoding="UTF-8"?>
<!-- Generated by org.testng.reporters.JUnitReportReporter -->
<testsuite hostname="DESKTOP-BQ7QMP0" failures="0" tests="1" name="ImplementationOfUtilies.CreateCampaignWithMandatoryFields" time="6.735" errors="0" timestamp="2025-07-26T19:34:37 IST" skipped="0">
  <testcase classname="ImplementationOfUtilies.CreateCampaignWithMandatoryFields" name="toCreateCampaignWithMandatoryFields" time="6.735"/>
</testsuite> <!-- ImplementationOfUtilies.CreateCampaignWithMandatoryFields -->
