<?xml version="1.0" encoding="UTF-8"?>
<!-- Generated by org.testng.reporters.JUnitReportReporter -->
<testsuite hostname="DESKTOP-K5OA249" failures="0" tests="3" name="Campaign.CampaignTest" time="62.356" errors="0" timestamp="2025-09-19T12:10:50 IST" skipped="0">
  <testcase classname="Campaign.CampaignTest" name="toCreateCampaignWithExpDateTest" time="38.123"/>
  <testcase classname="Campaign.CampaignTest" name="toCreateCampaignWithStatusTest" time="12.343"/>
  <testcase classname="Campaign.CampaignTest" name="toCreateCampaignWithMandatoryFieldsTest" time="11.890"/>
</testsuite> <!-- Campaign.CampaignTest -->
