<?xml version="1.0" encoding="UTF-8"?>
<!-- Generated by org.testng.reporters.JUnitReportReporter -->
<testsuite hostname="DESKTOP-BQ7QMP0" failures="0" tests="3" name="testNGPractice.Dataprovder" time="0.026" errors="0" timestamp="2025-07-25T19:41:28 IST" skipped="0">
  <testcase classname="testNGPractice.Dataprovder" name="login" time="0.002"/>
  <testcase classname="testNGPractice.Dataprovder" name="login" time="0.004"/>
  <testcase classname="testNGPractice.Dataprovder" name="login" time="0.020"/>
</testsuite> <!-- testNGPractice.Dataprovder -->
