<?xml version="1.0" encoding="UTF-8"?>
<!-- Generated by org.testng.reporters.JUnitReportReporter -->
<testsuite hostname="DESKTOP-BQ7QMP0" failures="0" tests="1" name="ImplementationOfUtilies.CreateCampaignWithExpectedDate" time="6.981" errors="0" timestamp="2025-07-26T19:27:45 IST" skipped="0">
  <testcase classname="ImplementationOfUtilies.CreateCampaignWithExpectedDate" name="toCreateCampaignWithExpDate" time="6.981"/>
</testsuite> <!-- ImplementationOfUtilies.CreateCampaignWithExpectedDate -->
