<?xml version="1.0" encoding="UTF-8"?>
<!-- Generated by org.testng.reporters.JUnitReportReporter -->
<testsuite hostname="DESKTOP-BQ7QMP0" failures="0" tests="1" name="testNGPractice.SS" time="5.788" errors="0" timestamp="2025-07-30T19:49:58 IST" skipped="0">
  <testcase classname="testNGPractice.SS" name="fb" time="5.788"/>
</testsuite> <!-- testNGPractice.SS -->
