<?xml version="1.0" encoding="UTF-8"?>
<!-- Generated by org.testng.reporters.JUnitReportReporter -->
<testsuite hostname="DESKTOP-BQ7QMP0" failures="0" tests="4" name="testNGPractice.Demo" time="0.037" errors="0" timestamp="2025-07-24T19:49:42 IST" skipped="0">
  <testcase classname="testNGPractice.Demo" name="b11" time="0.004">
    <system-out>
      <![CDATA[b11 executed]]>
    </system-out>
  </testcase> <!-- b11 -->
  <testcase classname="testNGPractice.Demo" name="b25" time="0.007">
    <system-out>
      <![CDATA[b25 executed]]>
    </system-out>
  </testcase> <!-- b25 -->
  <testcase classname="testNGPractice.Demo" name="a16" time="0.008">
    <system-out>
      <![CDATA[a16 executed]]>
    </system-out>
  </testcase> <!-- a16 -->
  <testcase classname="testNGPractice.Demo" name="a11" time="0.018">
    <system-out>
      <![CDATA[a11 executed]]>
    </system-out>
  </testcase> <!-- a11 -->
  <system-out>
    <![CDATA[a11 executed
a16 executed
b11 executed
b25 executed]]>
  </system-out>
</testsuite> <!-- testNGPractice.Demo -->
