<?xml version="1.0" encoding="UTF-8"?>
<!-- Generated by org.testng.reporters.JUnitReportReporter -->
<testsuite hostname="DESKTOP-BQ7QMP0" failures="0" tests="4" name="testNGPractice.InvCount" time="32.150" errors="0" timestamp="2025-07-24T19:40:57 IST" skipped="0">
  <testcase classname="testNGPractice.InvCount" name="login" time="9.990"/>
  <testcase classname="testNGPractice.InvCount" name="login" time="7.251"/>
  <testcase classname="testNGPractice.InvCount" name="login" time="8.514"/>
  <testcase classname="testNGPractice.InvCount" name="login" time="6.395"/>
</testsuite> <!-- testNGPractice.InvCount -->
