<?xml version="1.0" encoding="UTF-8"?>
<!-- Generated by org.testng.reporters.JUnitReportReporter -->
<testsuite hostname="DESKTOP-BQ7QMP0" failures="0" tests="3" name="Campaign.CampaignTest" time="13.136" errors="0" timestamp="2025-08-04T21:30:29 IST" skipped="0">
  <testcase classname="Campaign.CampaignTest" name="toCreateCampaignWithMandatoryFieldsTest" time="4.576"/>
  <testcase classname="Campaign.CampaignTest" name="toCreateCampaignWithStatusTest" time="3.820"/>
  <testcase classname="Campaign.CampaignTest" name="toCreateCampaignWithExpDateTest" time="4.740"/>
</testsuite> <!-- Campaign.CampaignTest -->
