<?xml version="1.0" encoding="UTF-8"?>
<!-- Generated by org.testng.reporters.JUnitReportReporter -->
<testsuite hostname="DESKTOP-K5OA249" failures="0" tests="3" name="Campaign.CampaignTest" time="16.514" errors="0" timestamp="2025-09-10T12:58:16 IST" skipped="0">
  <testcase classname="Campaign.CampaignTest" name="toCreateCampaignWithExpDateTest" time="7.039"/>
  <testcase classname="Campaign.CampaignTest" name="toCreateCampaignWithMandatoryFieldsTest" time="5.215"/>
  <testcase classname="Campaign.CampaignTest" name="toCreateCampaignWithStatusTest" time="4.260"/>
</testsuite> <!-- Campaign.CampaignTest -->
