<?xml version="1.0" encoding="UTF-8"?>
<!-- Generated by org.testng.reporters.JUnitReportReporter -->
<testsuite hostname="DESKTOP-K5OA249" failures="0" tests="1" name="Product.ProductTest" time="6.826" errors="0" timestamp="2025-09-10T12:58:16 IST" skipped="0">
  <testcase classname="Product.ProductTest" name="toCreateProductTest" time="6.826"/>
</testsuite> <!-- Product.ProductTest -->
