<?xml version="1.0" encoding="UTF-8"?>
<!-- Generated by org.testng.reporters.JUnitReportReporter -->
<testsuite hostname="DESKTOP-BQ7QMP0" failures="0" tests="1" name="Product.ProductTest" time="6.512" errors="0" timestamp="2025-08-04T21:30:29 IST" skipped="0">
  <testcase classname="Product.ProductTest" name="toCreateProductTest" time="6.512"/>
</testsuite> <!-- Product.ProductTest -->
